  Mesh.cpp
d:\documents\github\raytracing\raytracing_colin\consoleapplication1\mesh.cpp(14): warning C4267: 'argument' : conversion de 'size_t' en 'int', perte possible de données
d:\documents\github\raytracing\raytracing_colin\consoleapplication1\mesh.cpp(149): warning C4267: '=' : conversion de 'size_t' en 'int', perte possible de données
d:\documents\github\raytracing\raytracing_colin\consoleapplication1\mesh.cpp(159): warning C4474: 'sscanf_s' : trop d'arguments passés pour la chaîne de format
  d:\documents\github\raytracing\raytracing_colin\consoleapplication1\mesh.cpp(159): note: les espaces réservés et leurs paramètres attendent des arguments 6 variadiques, mais des arguments 7 ont été fournis
d:\documents\github\raytracing\raytracing_colin\consoleapplication1\mesh.cpp(164): warning C4474: 'sscanf_s' : trop d'arguments passés pour la chaîne de format
  d:\documents\github\raytracing\raytracing_colin\consoleapplication1\mesh.cpp(164): note: les espaces réservés et leurs paramètres attendent des arguments 3 variadiques, mais des arguments 4 ont été fournis
d:\documents\github\raytracing\raytracing_colin\consoleapplication1\mesh.cpp(171): warning C4474: 'sscanf_s' : trop d'arguments passés pour la chaîne de format
  d:\documents\github\raytracing\raytracing_colin\consoleapplication1\mesh.cpp(171): note: les espaces réservés et leurs paramètres attendent des arguments 3 variadiques, mais des arguments 4 ont été fournis
d:\documents\github\raytracing\raytracing_colin\consoleapplication1\mesh.cpp(176): warning C4474: 'sscanf_s' : trop d'arguments passés pour la chaîne de format
  d:\documents\github\raytracing\raytracing_colin\consoleapplication1\mesh.cpp(176): note: les espaces réservés et leurs paramètres attendent des arguments 2 variadiques, mais des arguments 3 ont été fournis
d:\documents\github\raytracing\raytracing_colin\consoleapplication1\mesh.cpp(189): warning C4474: 'sscanf_s' : trop d'arguments passés pour la chaîne de format
  d:\documents\github\raytracing\raytracing_colin\consoleapplication1\mesh.cpp(189): note: les espaces réservés et leurs paramètres attendent des arguments 10 variadiques, mais des arguments 11 ont été fournis
d:\documents\github\raytracing\raytracing_colin\consoleapplication1\mesh.cpp(191): warning C4267: '=' : conversion de 'size_t' en 'int', perte possible de données
d:\documents\github\raytracing\raytracing_colin\consoleapplication1\mesh.cpp(192): warning C4267: '=' : conversion de 'size_t' en 'int', perte possible de données
d:\documents\github\raytracing\raytracing_colin\consoleapplication1\mesh.cpp(193): warning C4267: '=' : conversion de 'size_t' en 'int', perte possible de données
d:\documents\github\raytracing\raytracing_colin\consoleapplication1\mesh.cpp(194): warning C4267: '=' : conversion de 'size_t' en 'int', perte possible de données
d:\documents\github\raytracing\raytracing_colin\consoleapplication1\mesh.cpp(195): warning C4267: '=' : conversion de 'size_t' en 'int', perte possible de données
d:\documents\github\raytracing\raytracing_colin\consoleapplication1\mesh.cpp(196): warning C4267: '=' : conversion de 'size_t' en 'int', perte possible de données
d:\documents\github\raytracing\raytracing_colin\consoleapplication1\mesh.cpp(197): warning C4267: '=' : conversion de 'size_t' en 'int', perte possible de données
d:\documents\github\raytracing\raytracing_colin\consoleapplication1\mesh.cpp(198): warning C4267: '=' : conversion de 'size_t' en 'int', perte possible de données
d:\documents\github\raytracing\raytracing_colin\consoleapplication1\mesh.cpp(199): warning C4267: '=' : conversion de 'size_t' en 'int', perte possible de données
d:\documents\github\raytracing\raytracing_colin\consoleapplication1\mesh.cpp(204): warning C4474: 'sscanf_s' : trop d'arguments passés pour la chaîne de format
  d:\documents\github\raytracing\raytracing_colin\consoleapplication1\mesh.cpp(204): note: les espaces réservés et leurs paramètres attendent des arguments 7 variadiques, mais des arguments 8 ont été fournis
d:\documents\github\raytracing\raytracing_colin\consoleapplication1\mesh.cpp(206): warning C4267: '=' : conversion de 'size_t' en 'int', perte possible de données
d:\documents\github\raytracing\raytracing_colin\consoleapplication1\mesh.cpp(207): warning C4267: '=' : conversion de 'size_t' en 'int', perte possible de données
d:\documents\github\raytracing\raytracing_colin\consoleapplication1\mesh.cpp(208): warning C4267: '=' : conversion de 'size_t' en 'int', perte possible de données
d:\documents\github\raytracing\raytracing_colin\consoleapplication1\mesh.cpp(209): warning C4267: '=' : conversion de 'size_t' en 'int', perte possible de données
d:\documents\github\raytracing\raytracing_colin\consoleapplication1\mesh.cpp(210): warning C4267: '=' : conversion de 'size_t' en 'int', perte possible de données
d:\documents\github\raytracing\raytracing_colin\consoleapplication1\mesh.cpp(211): warning C4267: '=' : conversion de 'size_t' en 'int', perte possible de données
d:\documents\github\raytracing\raytracing_colin\consoleapplication1\mesh.cpp(215): warning C4474: 'sscanf_s' : trop d'arguments passés pour la chaîne de format
  d:\documents\github\raytracing\raytracing_colin\consoleapplication1\mesh.cpp(215): note: les espaces réservés et leurs paramètres attendent des arguments 4 variadiques, mais des arguments 5 ont été fournis
d:\documents\github\raytracing\raytracing_colin\consoleapplication1\mesh.cpp(217): warning C4267: '=' : conversion de 'size_t' en 'int', perte possible de données
d:\documents\github\raytracing\raytracing_colin\consoleapplication1\mesh.cpp(218): warning C4267: '=' : conversion de 'size_t' en 'int', perte possible de données
d:\documents\github\raytracing\raytracing_colin\consoleapplication1\mesh.cpp(219): warning C4267: '=' : conversion de 'size_t' en 'int', perte possible de données
d:\documents\github\raytracing\raytracing_colin\consoleapplication1\mesh.cpp(223): warning C4474: 'sscanf_s' : trop d'arguments passés pour la chaîne de format
  d:\documents\github\raytracing\raytracing_colin\consoleapplication1\mesh.cpp(223): note: les espaces réservés et leurs paramètres attendent des arguments 7 variadiques, mais des arguments 8 ont été fournis
d:\documents\github\raytracing\raytracing_colin\consoleapplication1\mesh.cpp(224): warning C4267: '=' : conversion de 'size_t' en 'int', perte possible de données
d:\documents\github\raytracing\raytracing_colin\consoleapplication1\mesh.cpp(225): warning C4267: '=' : conversion de 'size_t' en 'int', perte possible de données
d:\documents\github\raytracing\raytracing_colin\consoleapplication1\mesh.cpp(226): warning C4267: '=' : conversion de 'size_t' en 'int', perte possible de données
d:\documents\github\raytracing\raytracing_colin\consoleapplication1\mesh.cpp(227): warning C4267: '=' : conversion de 'size_t' en 'int', perte possible de données
d:\documents\github\raytracing\raytracing_colin\consoleapplication1\mesh.cpp(228): warning C4267: '=' : conversion de 'size_t' en 'int', perte possible de données
d:\documents\github\raytracing\raytracing_colin\consoleapplication1\mesh.cpp(229): warning C4267: '=' : conversion de 'size_t' en 'int', perte possible de données
d:\documents\github\raytracing\raytracing_colin\consoleapplication1\mesh.cpp(241): warning C4474: 'sscanf_s' : trop d'arguments passés pour la chaîne de format
  d:\documents\github\raytracing\raytracing_colin\consoleapplication1\mesh.cpp(241): note: les espaces réservés et leurs paramètres attendent des arguments 4 variadiques, mais des arguments 5 ont été fournis
d:\documents\github\raytracing\raytracing_colin\consoleapplication1\mesh.cpp(245): warning C4267: '=' : conversion de 'size_t' en 'int', perte possible de données
d:\documents\github\raytracing\raytracing_colin\consoleapplication1\mesh.cpp(246): warning C4267: '=' : conversion de 'size_t' en 'int', perte possible de données
d:\documents\github\raytracing\raytracing_colin\consoleapplication1\mesh.cpp(247): warning C4267: '=' : conversion de 'size_t' en 'int', perte possible de données
d:\documents\github\raytracing\raytracing_colin\consoleapplication1\mesh.cpp(248): warning C4267: '=' : conversion de 'size_t' en 'int', perte possible de données
d:\documents\github\raytracing\raytracing_colin\consoleapplication1\mesh.cpp(249): warning C4267: '=' : conversion de 'size_t' en 'int', perte possible de données
d:\documents\github\raytracing\raytracing_colin\consoleapplication1\mesh.cpp(250): warning C4267: '=' : conversion de 'size_t' en 'int', perte possible de données
d:\documents\github\raytracing\raytracing_colin\consoleapplication1\mesh.cpp(251): warning C4267: '=' : conversion de 'size_t' en 'int', perte possible de données
d:\documents\github\raytracing\raytracing_colin\consoleapplication1\mesh.cpp(252): warning C4267: '=' : conversion de 'size_t' en 'int', perte possible de données
d:\documents\github\raytracing\raytracing_colin\consoleapplication1\mesh.cpp(253): warning C4267: '=' : conversion de 'size_t' en 'int', perte possible de données
d:\documents\github\raytracing\raytracing_colin\consoleapplication1\mesh.cpp(261): warning C4474: 'sscanf_s' : trop d'arguments passés pour la chaîne de format
  d:\documents\github\raytracing\raytracing_colin\consoleapplication1\mesh.cpp(261): note: les espaces réservés et leurs paramètres attendent des arguments 3 variadiques, mais des arguments 4 ont été fournis
d:\documents\github\raytracing\raytracing_colin\consoleapplication1\mesh.cpp(263): warning C4267: '=' : conversion de 'size_t' en 'int', perte possible de données
d:\documents\github\raytracing\raytracing_colin\consoleapplication1\mesh.cpp(264): warning C4267: '=' : conversion de 'size_t' en 'int', perte possible de données
d:\documents\github\raytracing\raytracing_colin\consoleapplication1\mesh.cpp(265): warning C4267: '=' : conversion de 'size_t' en 'int', perte possible de données
d:\documents\github\raytracing\raytracing_colin\consoleapplication1\mesh.cpp(266): warning C4267: '=' : conversion de 'size_t' en 'int', perte possible de données
d:\documents\github\raytracing\raytracing_colin\consoleapplication1\mesh.cpp(267): warning C4267: '=' : conversion de 'size_t' en 'int', perte possible de données
d:\documents\github\raytracing\raytracing_colin\consoleapplication1\mesh.cpp(268): warning C4267: '=' : conversion de 'size_t' en 'int', perte possible de données
d:\documents\github\raytracing\raytracing_colin\consoleapplication1\mesh.cpp(275): warning C4474: 'sscanf_s' : trop d'arguments passés pour la chaîne de format
  d:\documents\github\raytracing\raytracing_colin\consoleapplication1\mesh.cpp(275): note: les espaces réservés et leurs paramètres attendent des arguments 3 variadiques, mais des arguments 4 ont été fournis
d:\documents\github\raytracing\raytracing_colin\consoleapplication1\mesh.cpp(277): warning C4267: '=' : conversion de 'size_t' en 'int', perte possible de données
d:\documents\github\raytracing\raytracing_colin\consoleapplication1\mesh.cpp(278): warning C4267: '=' : conversion de 'size_t' en 'int', perte possible de données
d:\documents\github\raytracing\raytracing_colin\consoleapplication1\mesh.cpp(279): warning C4267: '=' : conversion de 'size_t' en 'int', perte possible de données
d:\documents\github\raytracing\raytracing_colin\consoleapplication1\mesh.cpp(280): warning C4267: '=' : conversion de 'size_t' en 'int', perte possible de données
d:\documents\github\raytracing\raytracing_colin\consoleapplication1\mesh.cpp(281): warning C4267: '=' : conversion de 'size_t' en 'int', perte possible de données
d:\documents\github\raytracing\raytracing_colin\consoleapplication1\mesh.cpp(282): warning C4267: '=' : conversion de 'size_t' en 'int', perte possible de données
d:\documents\github\raytracing\raytracing_colin\consoleapplication1\mesh.cpp(289): warning C4474: 'sscanf_s' : trop d'arguments passés pour la chaîne de format
  d:\documents\github\raytracing\raytracing_colin\consoleapplication1\mesh.cpp(289): note: les espaces réservés et leurs paramètres attendent des arguments 2 variadiques, mais des arguments 3 ont été fournis
d:\documents\github\raytracing\raytracing_colin\consoleapplication1\mesh.cpp(291): warning C4267: '=' : conversion de 'size_t' en 'int', perte possible de données
d:\documents\github\raytracing\raytracing_colin\consoleapplication1\mesh.cpp(292): warning C4267: '=' : conversion de 'size_t' en 'int', perte possible de données
d:\documents\github\raytracing\raytracing_colin\consoleapplication1\mesh.cpp(293): warning C4267: '=' : conversion de 'size_t' en 'int', perte possible de données
d:\documents\github\raytracing\raytracing_colin\consoleapplication1\mesh.cpp(390): warning C4244: 'initialisation' : conversion de 'double' en 'int', perte possible de données
d:\documents\github\raytracing\raytracing_colin\consoleapplication1\mesh.cpp(391): warning C4244: 'initialisation' : conversion de 'double' en 'int', perte possible de données
d:\documents\github\raytracing\raytracing_colin\consoleapplication1\mesh.cpp(373): warning C4101: 'alpha' : variable locale non référencée
d:\documents\github\raytracing\raytracing_colin\consoleapplication1\mesh.cpp(373): warning C4101: 'beta' : variable locale non référencée
d:\documents\github\raytracing\raytracing_colin\consoleapplication1\mesh.cpp(373): warning C4101: 'gamma' : variable locale non référencée
  ConsoleApplication1.vcxproj -> D:\documents\GitHub\Raytracing\Raytracing_Colin\x64\Debug\ConsoleApplication1.exe
