\BOOKMARK [1][-]{section.0.1}{BE 1 - Cr\351ation d'une sc\350ne et \351clairage}{}% 1
\BOOKMARK [2][-]{subsection.0.1.1}{Cr\351ation d'une sc\350ne}{section.0.1}% 2
\BOOKMARK [2][-]{subsection.0.1.2}{Ajout des ombres}{section.0.1}% 3
\BOOKMARK [1][-]{section.0.2}{BE 2 - Mat\351riau : couleur, miroir et transparence}{}% 4
\BOOKMARK [2][-]{subsection.0.2.1}{Couleurs}{section.0.2}% 5
\BOOKMARK [2][-]{subsection.0.2.2}{Miroir}{section.0.2}% 6
\BOOKMARK [2][-]{subsection.0.2.3}{Transparence}{section.0.2}% 7
\BOOKMARK [1][-]{section.0.3}{BE 3 - Eclairage indirect et anti-cr\351nelage}{}% 8
\BOOKMARK [2][-]{subsection.0.3.1}{Eclairage indirect}{section.0.3}% 9
\BOOKMARK [2][-]{subsection.0.3.2}{Anti-cr\351nelage}{section.0.3}% 10
\BOOKMARK [1][-]{section.0.4}{BE 4 - Lumi\350re diffuse et mise au point}{}% 11
\BOOKMARK [2][-]{subsection.0.4.1}{Lumi\350re diffuse}{section.0.4}% 12
\BOOKMARK [2][-]{subsection.0.4.2}{Mise au point de la cam\351ra}{section.0.4}% 13
\BOOKMARK [1][-]{section.0.5}{BE 5 et 6 - Les maillages et boites englobantes}{}% 14
\BOOKMARK [1][-]{section.0.6}{BE 7 - Texture et effet plastique}{}% 15
\BOOKMARK [2][-]{subsection.0.6.1}{Ajout des textures}{section.0.6}% 16
\BOOKMARK [2][-]{subsection.0.6.2}{Effet plastique}{section.0.6}% 17
\BOOKMARK [1][-]{section.0.7}{Bonus : r\351alisation de l'illustration de titre}{}% 18
\BOOKMARK [2][-]{subsection.0.7.1}{Pavage en damier}{section.0.7}% 19
\BOOKMARK [2][-]{subsection.0.7.2}{Texturisation des sph\350res}{section.0.7}% 20
